<?xml version="1.0" encoding="UTF-8"?>
<!-- Generated by org.testng.reporters.JUnitReportReporter -->
<testsuite hostname="DESKTOP-5CQBF27" failures="0" tests="4" name="TestCases.login" time="9.545" errors="0" timestamp="2022-09-01T11:26:05 IST" skipped="0">
  <testcase classname="TestCases.login" name="LoginUser" time="2.394"/>
  <system-out/>
  <testcase classname="TestCases.login" name="TotalReadUnreadMessagesOfWeb" time="2.519"/>
  <system-out/>
  <testcase classname="TestCases.login" name="TotalReadUnreadMessagesOfWhatsapp" time="2.356"/>
  <system-out/>
  <testcase classname="TestCases.login" name="TotalReadUnreadMessageOfFacebook" time="2.276"/>
  <system-out/>
</testsuite> <!-- TestCases.login -->
