<?xml version="1.0" encoding="UTF-8"?>
<!-- Generated by org.testng.reporters.JUnitReportReporter -->
<testsuite hostname="DESKTOP-5CQBF27" failures="0" tests="6" name="TestCasse2.InboxSection" time="14.480" errors="0" timestamp="2022-09-01T12:33:20 IST" skipped="0">
  <testcase classname="TestCasse2.InboxSection" name="LoginUser" time="2.424"/>
  <system-out/>
  <testcase classname="TestCasse2.InboxSection" name="AccessTheInbox" time="3.643"/>
  <system-out/>
  <testcase classname="TestCasse2.InboxSection" name="AccessTheChatSection" time="2.095"/>
  <system-out/>
  <testcase classname="TestCasse2.InboxSection" name="AccessTheUnreadSection" time="2.085"/>
  <system-out/>
  <testcase classname="TestCasse2.InboxSection" name="AccessTheActiveSection" time="2.135"/>
  <system-out/>
  <testcase classname="TestCasse2.InboxSection" name="AccessTheArchiveSection" time="2.098"/>
  <system-out/>
</testsuite> <!-- TestCasse2.InboxSection -->
