<?xml version="1.0" encoding="UTF-8"?>
<!-- Generated by org.testng.reporters.JUnitReportReporter -->
<testsuite hostname="DESKTOP-5CQBF27" failures="0" tests="6" name="TestCasse2.InboxSection" time="11.240" errors="0" timestamp="2022-09-01T12:41:35 IST" skipped="0">
  <testcase classname="TestCasse2.InboxSection" name="LoginUser" time="2.546"/>
  <system-out/>
  <testcase classname="TestCasse2.InboxSection" name="AccessTheInbox" time="0.341"/>
  <system-out/>
  <testcase classname="TestCasse2.InboxSection" name="AccessTheChatSection" time="2.057"/>
  <system-out/>
  <testcase classname="TestCasse2.InboxSection" name="AccessTheUnreadSection" time="2.080"/>
  <system-out/>
  <testcase classname="TestCasse2.InboxSection" name="AccessTheActiveSection" time="2.126"/>
  <system-out/>
  <testcase classname="TestCasse2.InboxSection" name="AccessTheArchiveSection" time="2.090"/>
  <system-out/>
</testsuite> <!-- TestCasse2.InboxSection -->
